<?xml version="1.0" encoding="UTF-8"?>
<!-- Generated by org.testng.reporters.JUnitReportReporter -->
<testsuite hostname="dell" failures="0" tests="2" name="Practice_Selenium.Lect_27_dropdown_windows_alert" time="41.613" errors="0" timestamp="2023-02-01T19:45:38 IST" skipped="0">
  <testcase classname="Practice_Selenium.Lect_27_dropdown_windows_alert" name="alert" time="12.074"/>
  <system-out/>
  <testcase classname="Practice_Selenium.Lect_27_dropdown_windows_alert" name="Dropdown" time="29.539"/>
  <system-out/>
</testsuite> <!-- Practice_Selenium.Lect_27_dropdown_windows_alert -->
