<?xml version="1.0" encoding="UTF-8"?>
<!-- Generated by org.testng.reporters.JUnitReportReporter -->
<testsuite hostname="Vijay-PC" failures="0" tests="1" name="Practice_Selenium.MakeMyTrip_booking_Task" time="30.953" errors="0" timestamp="2023-03-31T19:24:51 IST" skipped="0">
  <testcase classname="Practice_Selenium.MakeMyTrip_booking_Task" name="f" time="30.953"/>
  <system-out/>
</testsuite> <!-- Practice_Selenium.MakeMyTrip_booking_Task -->
