<?xml version="1.0" encoding="UTF-8"?>
<!-- Generated by org.testng.reporters.JUnitReportReporter -->
<testsuite hostname="Vijay-PC" failures="0" tests="2" name="Practice_Selenium.Lect_27_dropdown_windows_alert" time="31.838" errors="0" timestamp="2023-12-17T12:08:57 IST" skipped="0">
  <testcase classname="Practice_Selenium.Lect_27_dropdown_windows_alert" name="Dropdown" time="16.959"/>
  <system-out/>
  <testcase classname="Practice_Selenium.Lect_27_dropdown_windows_alert" name="alert" time="14.879"/>
  <system-out/>
</testsuite> <!-- Practice_Selenium.Lect_27_dropdown_windows_alert -->
