<?xml version="1.0" encoding="UTF-8"?>
<!-- Generated by org.testng.reporters.JUnitReportReporter -->
<testsuite hostname="Vijay-PC" failures="0" tests="3" name="Practice_Selenium.TestNG_Practice" time="81.305" errors="0" timestamp="2023-12-17T11:38:53 IST" skipped="0">
  <testcase classname="Practice_Selenium.TestNG_Practice" name="browser" time="31.627"/>
  <system-out/>
  <testcase classname="Practice_Selenium.TestNG_Practice" name="browser" time="24.835"/>
  <system-out/>
  <testcase classname="Practice_Selenium.TestNG_Practice" name="browser" time="24.843"/>
  <system-out/>
</testsuite> <!-- Practice_Selenium.TestNG_Practice -->
