<?xml version="1.0" encoding="UTF-8"?>
<!-- Generated by org.testng.reporters.JUnitReportReporter -->
<testsuite hostname="Vijay-PC" failures="0" tests="1" name="Practice_Selenium.NewTest" time="33.013" errors="0" timestamp="2023-03-29T16:37:52 IST" skipped="0">
  <testcase classname="Practice_Selenium.NewTest" name="f" time="33.013"/>
  <system-out/>
</testsuite> <!-- Practice_Selenium.NewTest -->
