<?xml version="1.0" encoding="UTF-8"?>
<!-- Generated by org.testng.reporters.JUnitReportReporter -->
<testsuite hostname="Vijay-PC" failures="0" tests="2" name="Practice_Selenium.Practice_Mar_24.Dataprovider_program" time="43.016" errors="0" timestamp="2024-03-10T12:22:49 IST" skipped="0">
  <testcase classname="Practice_Selenium.Practice_Mar_24.Dataprovider_program" name="f" time="18.649"/>
  <system-out/>
  <testcase classname="Practice_Selenium.Practice_Mar_24.Dataprovider_program" name="f" time="24.367"/>
  <system-out/>
</testsuite> <!-- Practice_Selenium.Practice_Mar_24.Dataprovider_program -->
