<?xml version="1.0" encoding="UTF-8"?>
<!-- Generated by org.testng.reporters.JUnitReportReporter -->
<testsuite hostname="Vijay-PC" failures="0" tests="3" name="Practice_Selenium.Practice_Mar_24.Practice_Cross_Browser_Testing" time="145.787" errors="0" timestamp="2024-03-10T11:55:03 IST" skipped="0">
  <testcase classname="Practice_Selenium.Practice_Mar_24.Practice_Cross_Browser_Testing" name="browser" time="58.999"/>
  <system-out/>
  <testcase classname="Practice_Selenium.Practice_Mar_24.Practice_Cross_Browser_Testing" name="browser" time="38.531"/>
  <system-out/>
  <testcase classname="Practice_Selenium.Practice_Mar_24.Practice_Cross_Browser_Testing" name="browser" time="48.257"/>
  <system-out/>
</testsuite> <!-- Practice_Selenium.Practice_Mar_24.Practice_Cross_Browser_Testing -->
